0 info it worked if it ends with ok
1 verbose cli [ 'D:\\share\\nodejs\\\\node.exe',
1 verbose cli   'D:\\share\\nodejs\\node_modules\\npm\\bin\\npm-cli.js',
1 verbose cli   'info',
1 verbose cli   'express',
1 verbose cli   'version' ]
2 info using npm@1.4.23
3 info using node@v0.10.31
4 verbose node symlink D:\share\nodejs\\node.exe
5 error Error: ENOENT, stat 'C:\Users\Administrator\AppData\Roaming\npm'
6 error If you need help, you may report this *entire* log,
6 error including the npm and node versions, at:
6 error     <http://github.com/npm/npm/issues>
7 error System Windows_NT 6.1.7601
8 error command "D:\\share\\nodejs\\\\node.exe" "D:\\share\\nodejs\\node_modules\\npm\\bin\\npm-cli.js" "info" "express" "version"
9 error cwd D:\share\nodejs
10 error node -v v0.10.31
11 error npm -v 1.4.23
12 error path C:\Users\Administrator\AppData\Roaming\npm
13 error code ENOENT
14 error errno 34
15 verbose exit [ 34, true ]
